<?xml version="1.0" encoding="UTF-8"?>
<!-- Generated by org.testng.reporters.JUnitReportReporter -->
<testsuite hostname="Daredevil" failures="0" tests="4" name="com.nav.firstTestNg" time="0.011" errors="0" timestamp="2025-08-27T15:46:41 CDT" skipped="0">
  <testcase classname="com.nav.firstTestNg" name="login" time="0.008"/>
  <testcase classname="com.nav.firstTestNg" name="launch" time="0.000"/>
  <testcase classname="com.nav.firstTestNg" name="action" time="0.002"/>
  <testcase classname="com.nav.firstTestNg" name="logout" time="0.001"/>
</testsuite> <!-- com.nav.firstTestNg -->
